  functions.cpp
C:\repo\TermProj\TermProj\variables.h(22,2): warning C4091: 'extern ': 변수를 선언하지 않으면 'State' 왼쪽은 무시됩니다.
C:\repo\TermProj\TermProj\variables.h(30,2): warning C4091: 'extern ': 변수를 선언하지 않으면 'Vertices' 왼쪽은 무시됩니다.
C:\repo\TermProj\TermProj\variables.h(38,2): warning C4091: 'extern ': 변수를 선언하지 않으면 'MousePos' 왼쪽은 무시됩니다.
C:\repo\TermProj\TermProj\functions.cpp(77,10): warning C4244: '초기화 중': 'double'에서 'float'(으)로 변환하면서 데이터가 손실될 수 있습니다.
C:\repo\TermProj\TermProj\functions.cpp(78,15): warning C4305: '초기화 중': 'double'에서 'float'(으)로 잘립니다.
C:\repo\TermProj\TermProj\functions.cpp(78,24): warning C4305: '초기화 중': 'double'에서 'float'(으)로 잘립니다.
C:\repo\TermProj\TermProj\functions.cpp(80,10): warning C4305: '=': 'double'에서 'float'(으)로 잘립니다.
C:\repo\TermProj\TermProj\functions.cpp(80,20): warning C4305: '=': 'double'에서 'float'(으)로 잘립니다.
C:\repo\TermProj\TermProj\functions.cpp(82,10): warning C4305: '=': 'double'에서 'float'(으)로 잘립니다.
C:\repo\TermProj\TermProj\functions.cpp(82,20): warning C4305: '=': 'double'에서 'float'(으)로 잘립니다.
C:\repo\TermProj\TermProj\functions.cpp(84,18): warning C4305: '=': 'double'에서 'float'(으)로 잘립니다.
C:\repo\TermProj\TermProj\functions.cpp(86,11): warning C4305: '=': 'double'에서 'float'(으)로 잘립니다.
C:\repo\TermProj\TermProj\functions.cpp(86,21): warning C4305: '=': 'double'에서 'float'(으)로 잘립니다.
C:\repo\TermProj\TermProj\functions.cpp(88,11): warning C4305: '=': 'double'에서 'float'(으)로 잘립니다.
C:\repo\TermProj\TermProj\functions.cpp(88,21): warning C4305: '=': 'double'에서 'float'(으)로 잘립니다.
C:\repo\TermProj\TermProj\functions.cpp(90,10): warning C4305: '=': 'double'에서 'float'(으)로 잘립니다.
C:\repo\TermProj\TermProj\functions.cpp(90,19): warning C4305: '=': 'double'에서 'float'(으)로 잘립니다.
C:\repo\TermProj\TermProj\functions.cpp(102,16): warning C4305: '초기화 중': 'double'에서 'float'(으)로 잘립니다.
C:\repo\TermProj\TermProj\functions.cpp(102,26): warning C4305: '초기화 중': 'double'에서 'float'(으)로 잘립니다.
C:\repo\TermProj\TermProj\functions.cpp(128,39): warning C4244: '=': 'double'에서 'float'(으)로 변환하면서 데이터가 손실될 수 있습니다.
C:\repo\TermProj\TermProj\functions.cpp(159,23): warning C4305: '+=': 'double'에서 'T'(으)로 잘립니다.
          with
          [
              T=float
          ]
C:\repo\TermProj\TermProj\functions.cpp(166,23): warning C4305: '-=': 'double'에서 'T'(으)로 잘립니다.
          with
          [
              T=float
          ]
C:\repo\TermProj\TermProj\functions.cpp(173,23): warning C4305: '+=': 'double'에서 'T'(으)로 잘립니다.
          with
          [
              T=float
          ]
C:\repo\TermProj\TermProj\functions.cpp(182,23): warning C4305: '-=': 'double'에서 'T'(으)로 잘립니다.
          with
          [
              T=float
          ]
C:\repo\TermProj\TermProj\functions.cpp(318,11): warning C4244: '초기화 중': 'double'에서 'float'(으)로 변환하면서 데이터가 손실될 수 있습니다.
C:\repo\TermProj\TermProj\functions.cpp(319,11): warning C4244: '초기화 중': 'double'에서 'float'(으)로 변환하면서 데이터가 손실될 수 있습니다.
C:\repo\TermProj\TermProj\functions.cpp(473): warning C4715: 'initText': 모든 제어 경로에서 값을 반환하지는 않습니다.
  TermProj.vcxproj -> C:\repo\TermProj\x64\Debug\TermProj.exe
